<?xml version="1.0" encoding="UTF-8"?>
<!-- Generated by org.testng.reporters.JUnitXMLReporter -->
<testsuite ignored="10" hostname="DESKTOP-KCFKTQ7" failures="0" tests="2" name="Test" time="48.45" errors="0" timestamp="2020-04-03T01:50:21 CEST">
  <testcase classname="webPage.tests.TestRegAndLogIn" name="createUsersFromExcel" time="29.488"/>
  <testcase classname="webPage.tests.TestRegAndLogIn" name="logInExcelUsers" time="18.933"/>
  <testcase classname="webPage.tests.BaseTest" name="@BeforeSuite beforeSuite" time="0.0">
    <ignored/>
  </testcase> <!-- @BeforeSuite beforeSuite -->
  <testcase classname="webPage.tests.BaseTest" name="@BeforeSuite beforeSuite" time="0.0">
    <ignored/>
  </testcase> <!-- @BeforeSuite beforeSuite -->
  <testcase classname="webPage.tests.Test_S_Dresses" name="selectDress" time="0.0">
    <ignored/>
  </testcase> <!-- selectDress -->
  <testcase classname="webPage.tests.Test_S_Dresses" name="cartCheck" time="0.0">
    <ignored/>
  </testcase> <!-- cartCheck -->
  <testcase classname="webPage.tests.TestRegAndLogIn" name="createOneUser" time="0.0">
    <ignored/>
  </testcase> <!-- createOneUser -->
  <testcase classname="webPage.tests.TestHome" name="compareLinks" time="0.0">
    <ignored/>
  </testcase> <!-- compareLinks -->
  <testcase classname="webPage.tests.TestHome" name="getSummerDressesPage1" time="0.0">
    <ignored/>
  </testcase> <!-- getSummerDressesPage1 -->
  <testcase classname="webPage.tests.BaseTest" name="@AfterSuite afterSuite" time="0.0">
    <ignored/>
  </testcase> <!-- @AfterSuite afterSuite -->
  <testcase classname="webPage.tests.BaseTest" name="@AfterSuite afterSuite" time="0.0">
    <ignored/>
  </testcase> <!-- @AfterSuite afterSuite -->
  <testcase classname="webPage.tests.TestHome" name="getSummerDressesPage2" time="0.0">
    <ignored/>
  </testcase> <!-- getSummerDressesPage2 -->
</testsuite> <!-- Test -->
